<?xml version="1.0" encoding="UTF-8"?>
<robot generator="Robot 4.1 (Python 3.9.6 on win32)" generated="20210827 10:57:36.674" rpa="false" schemaversion="2">
<suite id="s1" name="TestSitePracticeBDD" source="C:\Users\Aline\Desktop\robot-teste\tests\TestSitePracticeBDD.robot">
<test id="s1-t1" name="Cenário 01: Pesquisar produto existente">
<kw name="Abrir navegador" library="Resource" type="SETUP">
<kw name="Open Browser" library="SeleniumLibrary">
<arg>about:blank</arg>
<arg>${BROWSER}</arg>
<doc>Opens a new browser instance to the optional ``url``.</doc>
<msg timestamp="20210827 10:57:37.790" level="INFO">Opening browser 'chrome' to base url 'about:blank'.</msg>
<status status="PASS" starttime="20210827 10:57:37.790" endtime="20210827 10:57:40.979"/>
</kw>
<status status="PASS" starttime="20210827 10:57:37.789" endtime="20210827 10:57:40.979"/>
</kw>
<kw name="Dado que estou na página home do site">
<kw name="Acessar a página home do site" library="Resource">
<kw name="Go To" library="SeleniumLibrary">
<arg>http://automationpractice.com</arg>
<doc>Navigates the current browser window to the provided ``url``.</doc>
<msg timestamp="20210827 10:57:41.021" level="INFO">Opening url 'http://automationpractice.com'</msg>
<status status="PASS" starttime="20210827 10:57:41.020" endtime="20210827 10:57:47.098"/>
</kw>
<kw name="Title Should Be" library="SeleniumLibrary">
<arg>My Store</arg>
<doc>Verifies that the current page title equals ``title``.</doc>
<msg timestamp="20210827 10:57:47.167" level="INFO">Page title is 'My Store'.</msg>
<status status="PASS" starttime="20210827 10:57:47.099" endtime="20210827 10:57:47.167"/>
</kw>
<status status="PASS" starttime="20210827 10:57:41.019" endtime="20210827 10:57:47.169"/>
</kw>
<status status="PASS" starttime="20210827 10:57:41.015" endtime="20210827 10:57:47.170"/>
</kw>
<kw name="Quando eu pesquisar pelo produto &quot;Blouse&quot;" sourcename="Quando eu pesquisar pelo produto &quot;${PRODUTO}&quot;">
<kw name="Digitar o nome do produto &quot;${PRODUTO}&quot; no campo de pesquisa" library="Resource" sourcename="Digitar o nome do produto &quot;${PRODUTO}&quot; no campo de pesquisa">
<kw name="Input Text" library="SeleniumLibrary">
<arg>name=search_query</arg>
<arg>${PRODUTO}</arg>
<doc>Types the given ``text`` into the text field identified by ``locator``.</doc>
<msg timestamp="20210827 10:57:47.186" level="INFO">Typing text 'Blouse' into text field 'name=search_query'.</msg>
<status status="PASS" starttime="20210827 10:57:47.186" endtime="20210827 10:57:47.887"/>
</kw>
<status status="PASS" starttime="20210827 10:57:47.185" endtime="20210827 10:57:47.887"/>
</kw>
<kw name="Clicar no botão Pesquisar" library="Resource">
<kw name="Click Element" library="SeleniumLibrary">
<arg>name:submit_search</arg>
<doc>Click the element identified by ``locator``.</doc>
<msg timestamp="20210827 10:57:47.888" level="INFO">Clicking element 'name:submit_search'.</msg>
<status status="PASS" starttime="20210827 10:57:47.888" endtime="20210827 10:57:50.604"/>
</kw>
<status status="PASS" starttime="20210827 10:57:47.887" endtime="20210827 10:57:50.607"/>
</kw>
<status status="PASS" starttime="20210827 10:57:47.184" endtime="20210827 10:57:50.608"/>
</kw>
<kw name="Então o produto &quot;Blouse&quot; deve ser listado na página da busca" sourcename="Então o produto &quot;${PRODUTO}&quot; deve ser listado na página da busca">
<kw name="Conferir se o produto &quot;${PRODUTO}&quot; foi listado no site" library="Resource" sourcename="Conferir se o produto &quot;${PRODUTO}&quot; foi listado no site">
<kw name="Wait Until Element Is Visible" library="SeleniumLibrary">
<arg>css:#center_column &gt; h1</arg>
<doc>Waits until the element ``locator`` is visible.</doc>
<status status="PASS" starttime="20210827 10:57:50.634" endtime="20210827 10:57:50.803"/>
</kw>
<kw name="Title Should Be" library="SeleniumLibrary">
<arg>Search - My Store</arg>
<doc>Verifies that the current page title equals ``title``.</doc>
<msg timestamp="20210827 10:57:50.818" level="INFO">Page title is 'Search - My Store'.</msg>
<status status="PASS" starttime="20210827 10:57:50.804" endtime="20210827 10:57:50.818"/>
</kw>
<kw name="Page Should Contain Image" library="SeleniumLibrary">
<arg>xpath=//*[@id="center_column"]//*[@src="http://automationpractice.com/img/p/7/7-home_default.jpg"]</arg>
<doc>Verifies image identified by ``locator`` is found from current page.</doc>
<msg timestamp="20210827 10:57:50.871" level="INFO">Current page contains image 'xpath=//*[@id="center_column"]//*[@src="http://automationpractice.com/img/p/7/7-home_default.jpg"]'.</msg>
<status status="PASS" starttime="20210827 10:57:50.819" endtime="20210827 10:57:50.871"/>
</kw>
<kw name="Page Should Contain Link" library="SeleniumLibrary">
<arg>xpath=//*[@id="center_column"]//a[@class="product-name"][contains(text(),"${PRODUTO}")]</arg>
<doc>Verifies link identified by ``locator`` is found from current page.</doc>
<msg timestamp="20210827 10:57:50.917" level="INFO">Current page contains link 'xpath=//*[@id="center_column"]//a[@class="product-name"][contains(text(),"Blouse")]'.</msg>
<status status="PASS" starttime="20210827 10:57:50.871" endtime="20210827 10:57:50.918"/>
</kw>
<status status="PASS" starttime="20210827 10:57:50.629" endtime="20210827 10:57:50.918"/>
</kw>
<status status="PASS" starttime="20210827 10:57:50.627" endtime="20210827 10:57:50.918"/>
</kw>
<kw name="Fechar navegador" library="Resource" type="TEARDOWN">
<kw name="Close Browser" library="SeleniumLibrary">
<doc>Closes the current browser.</doc>
<status status="PASS" starttime="20210827 10:57:50.919" endtime="20210827 10:57:53.776"/>
</kw>
<status status="PASS" starttime="20210827 10:57:50.919" endtime="20210827 10:57:53.777"/>
</kw>
<status status="PASS" starttime="20210827 10:57:37.788" endtime="20210827 10:57:53.778"/>
</test>
<test id="s1-t2" name="Caso de Teste 02: Pesquisar produto não existente">
<kw name="Abrir navegador" library="Resource" type="SETUP">
<kw name="Open Browser" library="SeleniumLibrary">
<arg>about:blank</arg>
<arg>${BROWSER}</arg>
<doc>Opens a new browser instance to the optional ``url``.</doc>
<msg timestamp="20210827 10:57:53.781" level="INFO">Opening browser 'chrome' to base url 'about:blank'.</msg>
<status status="PASS" starttime="20210827 10:57:53.780" endtime="20210827 10:57:56.600"/>
</kw>
<status status="PASS" starttime="20210827 10:57:53.780" endtime="20210827 10:57:56.602"/>
</kw>
<kw name="Dado que estou na página home do site">
<kw name="Acessar a página home do site" library="Resource">
<kw name="Go To" library="SeleniumLibrary">
<arg>http://automationpractice.com</arg>
<doc>Navigates the current browser window to the provided ``url``.</doc>
<msg timestamp="20210827 10:57:56.619" level="INFO">Opening url 'http://automationpractice.com'</msg>
<status status="PASS" starttime="20210827 10:57:56.609" endtime="20210827 10:58:02.827"/>
</kw>
<kw name="Title Should Be" library="SeleniumLibrary">
<arg>My Store</arg>
<doc>Verifies that the current page title equals ``title``.</doc>
<msg timestamp="20210827 10:58:02.848" level="INFO">Page title is 'My Store'.</msg>
<status status="PASS" starttime="20210827 10:58:02.828" endtime="20210827 10:58:02.848"/>
</kw>
<status status="PASS" starttime="20210827 10:57:56.607" endtime="20210827 10:58:02.849"/>
</kw>
<status status="PASS" starttime="20210827 10:57:56.604" endtime="20210827 10:58:02.849"/>
</kw>
<kw name="Quando eu pesquisar pelo produto &quot;ItemNãoExistente&quot;" sourcename="Quando eu pesquisar pelo produto &quot;${PRODUTO}&quot;">
<kw name="Digitar o nome do produto &quot;${PRODUTO}&quot; no campo de pesquisa" library="Resource" sourcename="Digitar o nome do produto &quot;${PRODUTO}&quot; no campo de pesquisa">
<kw name="Input Text" library="SeleniumLibrary">
<arg>name=search_query</arg>
<arg>${PRODUTO}</arg>
<doc>Types the given ``text`` into the text field identified by ``locator``.</doc>
<msg timestamp="20210827 10:58:02.883" level="INFO">Typing text 'ItemNãoExistente' into text field 'name=search_query'.</msg>
<status status="PASS" starttime="20210827 10:58:02.882" endtime="20210827 10:58:04.052"/>
</kw>
<status status="PASS" starttime="20210827 10:58:02.881" endtime="20210827 10:58:04.054"/>
</kw>
<kw name="Clicar no botão Pesquisar" library="Resource">
<kw name="Click Element" library="SeleniumLibrary">
<arg>name:submit_search</arg>
<doc>Click the element identified by ``locator``.</doc>
<msg timestamp="20210827 10:58:04.058" level="INFO">Clicking element 'name:submit_search'.</msg>
<status status="PASS" starttime="20210827 10:58:04.058" endtime="20210827 10:58:06.183"/>
</kw>
<status status="PASS" starttime="20210827 10:58:04.056" endtime="20210827 10:58:06.183"/>
</kw>
<status status="PASS" starttime="20210827 10:58:02.880" endtime="20210827 10:58:06.183"/>
</kw>
<kw name="Então a página deve exibir a mensagem No results were found for your search &quot;ItemNãoExistente&quot;">
<msg timestamp="20210827 10:58:06.204" level="FAIL">No keyword with name 'Então a página deve exibir a mensagem No results were found for your search "ItemNãoExistente"' found.</msg>
<status status="FAIL" starttime="20210827 10:58:06.203" endtime="20210827 10:58:06.205"/>
</kw>
<kw name="Fechar navegador" library="Resource" type="TEARDOWN">
<kw name="Close Browser" library="SeleniumLibrary">
<doc>Closes the current browser.</doc>
<status status="PASS" starttime="20210827 10:58:06.215" endtime="20210827 10:58:08.973"/>
</kw>
<status status="PASS" starttime="20210827 10:58:06.213" endtime="20210827 10:58:08.973"/>
</kw>
<status status="FAIL" starttime="20210827 10:57:53.779" endtime="20210827 10:58:08.974">No keyword with name 'Então a página deve exibir a mensagem No results were found for your search "ItemNãoExistente"' found.</status>
</test>
<status status="FAIL" starttime="20210827 10:57:36.681" endtime="20210827 10:58:08.976"/>
</suite>
<statistics>
<total>
<stat pass="1" fail="1" skip="0">All Tests</stat>
</total>
<tag>
</tag>
<suite>
<stat pass="1" fail="1" skip="0" id="s1" name="TestSitePracticeBDD">TestSitePracticeBDD</stat>
</suite>
</statistics>
<errors>
</errors>
</robot>
